<?xml version="1.0" encoding="UTF-8"?>
<!-- Generated by org.testng.reporters.JUnitReportReporter -->
<testsuite hostname="DESKTOP-8DBLLD3" failures="0" tests="2" name="parameter.OptionalTest" time="0.018" errors="0" timestamp="2021-10-26T13:11:41 IST" skipped="0">
  <testcase classname="parameter.OptionalTest" name="optionalTest" time="0.013"/>
  <system-out/>
  <testcase classname="parameter.OptionalTest" name="optionalTest" time="0.005"/>
  <system-out/>
</testsuite> <!-- parameter.OptionalTest -->
