<?xml version="1.0" encoding="UTF-8"?>
<!-- Generated by org.testng.reporters.JUnitReportReporter -->
<testsuite hostname="DESKTOP-8DBLLD3" failures="0" tests="4" name="regularexpressionpackage.RegularExpClass" time="0.017" errors="0" timestamp="2021-10-21T11:37:49 IST" skipped="0">
  <testcase classname="regularexpressionpackage.RegularExpClass" name="excludeSecondTest" time="0.002"/>
  <system-out/>
  <testcase classname="regularexpressionpackage.RegularExpClass" name="excludeFirstTest" time="0.012"/>
  <system-out/>
  <testcase classname="regularexpressionpackage.RegularExpClass" name="includeFirstTest" time="0.001"/>
  <system-out/>
  <testcase classname="regularexpressionpackage.RegularExpClass" name="includeSecondTest" time="0.002"/>
  <system-out/>
</testsuite> <!-- regularexpressionpackage.RegularExpClass -->
