<?xml version="1.0" encoding="UTF-8"?>
<!-- Generated by org.testng.reporters.JUnitReportReporter -->
<testsuite hostname="DESKTOP-8DBLLD3" failures="0" tests="3" name="parameter.ParameterTest" time="0.017" errors="0" timestamp="2021-10-22T14:20:28 IST" skipped="0">
  <testcase classname="parameter.ParameterTest" name="parameterTestTwo" time="0.003"/>
  <system-out/>
  <testcase classname="parameter.ParameterTest" name="paramterTestThree" time="0.003"/>
  <system-out/>
  <testcase classname="parameter.ParameterTest" name="parameterTestOne" time="0.011"/>
  <system-out/>
</testsuite> <!-- parameter.ParameterTest -->
