<?xml version="1.0" encoding="UTF-8"?>
<!-- Generated by org.testng.reporters.JUnitReportReporter -->
<testsuite hostname="DESKTOP-8DBLLD3" failures="0" tests="1" name="tests.beforeafter.TestClass" time="0.007" errors="0" timestamp="2021-10-21T12:35:29 IST" skipped="0">
  <testcase classname="tests.beforeafter.TestClass" name="testOneMethod" time="0.007"/>
  <system-out/>
</testsuite> <!-- tests.beforeafter.TestClass -->
