<?xml version="1.0" encoding="UTF-8"?>
<!-- Generated by org.testng.reporters.JUnitReportReporter -->
<testsuite hostname="DESKTOP-8DBLLD3" failures="0" tests="1" name="TestCases.TestNGExample" time="4.373" errors="0" timestamp="2021-10-19T12:46:45 IST" skipped="0">
  <testcase classname="TestCases.TestNGExample" name="SearchTest" time="4.373"/>
  <system-out/>
</testsuite> <!-- TestCases.TestNGExample -->
