<?xml version="1.0" encoding="UTF-8"?>
<!-- Generated by org.testng.reporters.JUnitReportReporter -->
<testsuite hostname="DESKTOP-8DBLLD3" failures="0" tests="1" name="javascript.JavaScriptExecutorExample" time="20.582" errors="0" timestamp="2021-10-26T20:30:44 IST" skipped="0">
  <testcase classname="javascript.JavaScriptExecutorExample" name="methodTest" time="20.582"/>
  <system-out/>
</testsuite> <!-- javascript.JavaScriptExecutorExample -->
