<?xml version="1.0" encoding="UTF-8"?>
<!-- Generated by org.testng.reporters.JUnitReportReporter -->
<testsuite hostname="DESKTOP-8DBLLD3" failures="0" tests="1" name="tests.SecondTestClass" time="0.015" errors="0" timestamp="2021-10-20T15:29:09 IST" skipped="0">
  <testcase classname="tests.SecondTestClass" name="testMethod3" time="0.015"/>
  <system-out/>
</testsuite> <!-- tests.SecondTestClass -->
