<?xml version="1.0" encoding="UTF-8"?>
<!-- Generated by org.testng.reporters.JUnitReportReporter -->
<testsuite hostname="DESKTOP-8DBLLD3" failures="0" tests="1" name="tests.beforeafter.TestClasses" time="0.008" errors="0" timestamp="2021-10-21T14:41:51 IST" skipped="0">
  <testcase classname="tests.beforeafter.TestClasses" name="testMethod" time="0.008"/>
  <system-out/>
</testsuite> <!-- tests.beforeafter.TestClasses -->
