<?xml version="1.0" encoding="UTF-8"?>
<!-- Generated by org.testng.reporters.JUnitReportReporter -->
<testsuite hostname="DESKTOP-8DBLLD3" failures="0" tests="2" name="TestCases.TestNGExample" time="12.302" errors="0" timestamp="2021-10-19T11:43:24 IST" skipped="0">
  <testcase classname="TestCases.TestNGExample" name="Method1" time="0.011"/>
  <system-out/>
  <testcase classname="TestCases.TestNGExample" name="Method2" time="12.291"/>
  <system-out/>
</testsuite> <!-- TestCases.TestNGExample -->
