<?xml version="1.0" encoding="UTF-8"?>
<!-- Generated by org.testng.reporters.JUnitReportReporter -->
<testsuite hostname="DESKTOP-8DBLLD3" failures="0" tests="1" name="TestCases.TestNGExample" time="0.015" errors="0" timestamp="2021-10-13T13:46:23 IST" skipped="0">
  <testcase classname="TestCases.TestNGExample" name="Method1" time="0.015"/>
  <system-out/>
</testsuite> <!-- TestCases.TestNGExample -->
