<?xml version="1.0" encoding="UTF-8"?>
<!-- Generated by org.testng.reporters.JUnitReportReporter -->
<testsuite hostname="DESKTOP-8DBLLD3" failures="0" tests="3" name="tests.beforeafter.DisableTestClass" time="0.013" errors="0" timestamp="2021-10-21T16:09:21 IST" skipped="1">
  <testcase classname="tests.beforeafter.DisableTestClass" name="testMethodThree" time="0.002"/>
  <system-out/>
  <testcase classname="tests.beforeafter.DisableTestClass" name="testMethodOne" time="0.011"/>
  <system-out/>
  <testcase classname="tests.beforeafter.DisableTestClass" name="testMethodTwo">
    <skipped/>
  </testcase> <!-- testMethodTwo -->
  <system-out/>
</testsuite> <!-- tests.beforeafter.DisableTestClass -->
