<?xml version="1.0" encoding="UTF-8"?>
<!-- Generated by org.testng.reporters.JUnitReportReporter -->
<testsuite hostname="DESKTOP-8DBLLD3" failures="0" tests="2" name="tests.beforeafter.TestClass" time="0.011" errors="0" timestamp="2021-10-21T12:48:36 IST" skipped="0">
  <testcase classname="tests.beforeafter.TestClass" name="testOneMethod" time="0.008"/>
  <system-out/>
  <testcase classname="tests.beforeafter.TestClass" name="testTwoMethod" time="0.003"/>
  <system-out/>
</testsuite> <!-- tests.beforeafter.TestClass -->
